   1               		.file	"action_util.c"
   2               	__SP_H__ = 0x3e
   3               	__SP_L__ = 0x3d
   4               	__SREG__ = 0x3f
   5               	__tmp_reg__ = 0
   6               	__zero_reg__ = 1
   7               		.text
   8               	.Ltext0:
   9               		.cfi_sections	.debug_frame
  10               		.section	.text.add_key,"ax",@progbits
  11               	.global	add_key
  13               	add_key:
  14               	.LVL0:
  15               	.LFB2:
  16               		.file 1 "../../tmk_core/common/action_util.c"
   1:../../tmk_core/common/action_util.c **** /*
   2:../../tmk_core/common/action_util.c **** Copyright 2013 Jun Wako <wakojun@gmail.com>
   3:../../tmk_core/common/action_util.c **** 
   4:../../tmk_core/common/action_util.c **** This program is free software: you can redistribute it and/or modify
   5:../../tmk_core/common/action_util.c **** it under the terms of the GNU General Public License as published by
   6:../../tmk_core/common/action_util.c **** the Free Software Foundation, either version 2 of the License, or
   7:../../tmk_core/common/action_util.c **** (at your option) any later version.
   8:../../tmk_core/common/action_util.c **** 
   9:../../tmk_core/common/action_util.c **** This program is distributed in the hope that it will be useful,
  10:../../tmk_core/common/action_util.c **** but WITHOUT ANY WARRANTY; without even the implied warranty of
  11:../../tmk_core/common/action_util.c **** MERCHANTABILITY or FITNESS FOR A PARTICULAR PURPOSE.  See the
  12:../../tmk_core/common/action_util.c **** GNU General Public License for more details.
  13:../../tmk_core/common/action_util.c **** 
  14:../../tmk_core/common/action_util.c **** You should have received a copy of the GNU General Public License
  15:../../tmk_core/common/action_util.c **** along with this program.  If not, see <http://www.gnu.org/licenses/>.
  16:../../tmk_core/common/action_util.c **** */
  17:../../tmk_core/common/action_util.c **** #include "host.h"
  18:../../tmk_core/common/action_util.c **** #include "report.h"
  19:../../tmk_core/common/action_util.c **** #include "debug.h"
  20:../../tmk_core/common/action_util.c **** #include "action_util.h"
  21:../../tmk_core/common/action_util.c **** #include "timer.h"
  22:../../tmk_core/common/action_util.c **** 
  23:../../tmk_core/common/action_util.c **** static inline void add_key_byte(uint8_t code);
  24:../../tmk_core/common/action_util.c **** static inline void del_key_byte(uint8_t code);
  25:../../tmk_core/common/action_util.c **** #ifdef NKRO_ENABLE
  26:../../tmk_core/common/action_util.c **** static inline void add_key_bit(uint8_t code);
  27:../../tmk_core/common/action_util.c **** static inline void del_key_bit(uint8_t code);
  28:../../tmk_core/common/action_util.c **** #endif
  29:../../tmk_core/common/action_util.c **** 
  30:../../tmk_core/common/action_util.c **** static uint8_t real_mods = 0;
  31:../../tmk_core/common/action_util.c **** static uint8_t weak_mods = 0;
  32:../../tmk_core/common/action_util.c **** 
  33:../../tmk_core/common/action_util.c **** #ifdef USB_6KRO_ENABLE
  34:../../tmk_core/common/action_util.c **** #define RO_ADD(a, b) ((a + b) % KEYBOARD_REPORT_KEYS)
  35:../../tmk_core/common/action_util.c **** #define RO_SUB(a, b) ((a - b + KEYBOARD_REPORT_KEYS) % KEYBOARD_REPORT_KEYS)
  36:../../tmk_core/common/action_util.c **** #define RO_INC(a) RO_ADD(a, 1)
  37:../../tmk_core/common/action_util.c **** #define RO_DEC(a) RO_SUB(a, 1)
  38:../../tmk_core/common/action_util.c **** static int8_t cb_head = 0;
  39:../../tmk_core/common/action_util.c **** static int8_t cb_tail = 0;
  40:../../tmk_core/common/action_util.c **** static int8_t cb_count = 0;
  41:../../tmk_core/common/action_util.c **** #endif
  42:../../tmk_core/common/action_util.c **** 
  43:../../tmk_core/common/action_util.c **** // TODO: pointer variable is not needed
  44:../../tmk_core/common/action_util.c **** //report_keyboard_t keyboard_report = {};
  45:../../tmk_core/common/action_util.c **** report_keyboard_t *keyboard_report = &(report_keyboard_t){};
  46:../../tmk_core/common/action_util.c **** 
  47:../../tmk_core/common/action_util.c **** #ifndef NO_ACTION_ONESHOT
  48:../../tmk_core/common/action_util.c **** static int8_t oneshot_mods = 0;
  49:../../tmk_core/common/action_util.c **** #if (defined(ONESHOT_TIMEOUT) && (ONESHOT_TIMEOUT > 0))
  50:../../tmk_core/common/action_util.c **** static int16_t oneshot_time = 0;
  51:../../tmk_core/common/action_util.c **** #endif
  52:../../tmk_core/common/action_util.c **** #endif
  53:../../tmk_core/common/action_util.c **** 
  54:../../tmk_core/common/action_util.c **** 
  55:../../tmk_core/common/action_util.c **** void send_keyboard_report(void) {
  56:../../tmk_core/common/action_util.c ****     keyboard_report->mods  = real_mods;
  57:../../tmk_core/common/action_util.c ****     keyboard_report->mods |= weak_mods;
  58:../../tmk_core/common/action_util.c **** #ifndef NO_ACTION_ONESHOT
  59:../../tmk_core/common/action_util.c ****     if (oneshot_mods) {
  60:../../tmk_core/common/action_util.c **** #if (defined(ONESHOT_TIMEOUT) && (ONESHOT_TIMEOUT > 0))
  61:../../tmk_core/common/action_util.c ****         if (TIMER_DIFF_16(timer_read(), oneshot_time) >= ONESHOT_TIMEOUT) {
  62:../../tmk_core/common/action_util.c ****             dprintf("Oneshot: timeout\n");
  63:../../tmk_core/common/action_util.c ****             clear_oneshot_mods();
  64:../../tmk_core/common/action_util.c ****         }
  65:../../tmk_core/common/action_util.c **** #endif
  66:../../tmk_core/common/action_util.c ****         keyboard_report->mods |= oneshot_mods;
  67:../../tmk_core/common/action_util.c ****         if (has_anykey()) {
  68:../../tmk_core/common/action_util.c ****             clear_oneshot_mods();
  69:../../tmk_core/common/action_util.c ****         }
  70:../../tmk_core/common/action_util.c ****     }
  71:../../tmk_core/common/action_util.c **** #endif
  72:../../tmk_core/common/action_util.c ****     host_keyboard_send(keyboard_report);
  73:../../tmk_core/common/action_util.c **** }
  74:../../tmk_core/common/action_util.c **** 
  75:../../tmk_core/common/action_util.c **** /* key */
  76:../../tmk_core/common/action_util.c **** void add_key(uint8_t key)
  77:../../tmk_core/common/action_util.c **** {
  17               		.loc 1 77 1 view -0
  18               		.cfi_startproc
  19               	/* prologue: function */
  20               	/* frame size = 0 */
  21               	/* stack size = 0 */
  22               	.L__stack_usage = 0
  78:../../tmk_core/common/action_util.c **** #ifdef NKRO_ENABLE
  79:../../tmk_core/common/action_util.c ****     if (keyboard_protocol && keyboard_nkro) {
  80:../../tmk_core/common/action_util.c ****         add_key_bit(key);
  81:../../tmk_core/common/action_util.c ****         return;
  82:../../tmk_core/common/action_util.c ****     }
  83:../../tmk_core/common/action_util.c **** #endif
  84:../../tmk_core/common/action_util.c ****     add_key_byte(key);
  23               		.loc 1 84 5 view .LVU1
  24               	.LBB4:
  25               	.LBI4:
  85:../../tmk_core/common/action_util.c **** }
  86:../../tmk_core/common/action_util.c **** 
  87:../../tmk_core/common/action_util.c **** void del_key(uint8_t key)
  88:../../tmk_core/common/action_util.c **** {
  89:../../tmk_core/common/action_util.c **** #ifdef NKRO_ENABLE
  90:../../tmk_core/common/action_util.c ****     if (keyboard_protocol && keyboard_nkro) {
  91:../../tmk_core/common/action_util.c ****         del_key_bit(key);
  92:../../tmk_core/common/action_util.c ****         return;
  93:../../tmk_core/common/action_util.c ****     }
  94:../../tmk_core/common/action_util.c **** #endif
  95:../../tmk_core/common/action_util.c ****     del_key_byte(key);
  96:../../tmk_core/common/action_util.c **** }
  97:../../tmk_core/common/action_util.c **** 
  98:../../tmk_core/common/action_util.c **** void clear_keys(void)
  99:../../tmk_core/common/action_util.c **** {
 100:../../tmk_core/common/action_util.c ****     // not clear mods
 101:../../tmk_core/common/action_util.c ****     for (int8_t i = 1; i < KEYBOARD_REPORT_SIZE; i++) {
 102:../../tmk_core/common/action_util.c ****         keyboard_report->raw[i] = 0;
 103:../../tmk_core/common/action_util.c ****     }
 104:../../tmk_core/common/action_util.c **** }
 105:../../tmk_core/common/action_util.c **** 
 106:../../tmk_core/common/action_util.c **** 
 107:../../tmk_core/common/action_util.c **** /* modifier */
 108:../../tmk_core/common/action_util.c **** uint8_t get_mods(void) { return real_mods; }
 109:../../tmk_core/common/action_util.c **** void add_mods(uint8_t mods) { real_mods |= mods; }
 110:../../tmk_core/common/action_util.c **** void del_mods(uint8_t mods) { real_mods &= ~mods; }
 111:../../tmk_core/common/action_util.c **** void set_mods(uint8_t mods) { real_mods = mods; }
 112:../../tmk_core/common/action_util.c **** void clear_mods(void) { real_mods = 0; }
 113:../../tmk_core/common/action_util.c **** 
 114:../../tmk_core/common/action_util.c **** /* weak modifier */
 115:../../tmk_core/common/action_util.c **** uint8_t get_weak_mods(void) { return weak_mods; }
 116:../../tmk_core/common/action_util.c **** void add_weak_mods(uint8_t mods) { weak_mods |= mods; }
 117:../../tmk_core/common/action_util.c **** void del_weak_mods(uint8_t mods) { weak_mods &= ~mods; }
 118:../../tmk_core/common/action_util.c **** void set_weak_mods(uint8_t mods) { weak_mods = mods; }
 119:../../tmk_core/common/action_util.c **** void clear_weak_mods(void) { weak_mods = 0; }
 120:../../tmk_core/common/action_util.c **** 
 121:../../tmk_core/common/action_util.c **** /* Oneshot modifier */
 122:../../tmk_core/common/action_util.c **** #ifndef NO_ACTION_ONESHOT
 123:../../tmk_core/common/action_util.c **** void set_oneshot_mods(uint8_t mods)
 124:../../tmk_core/common/action_util.c **** {
 125:../../tmk_core/common/action_util.c ****     oneshot_mods = mods;
 126:../../tmk_core/common/action_util.c **** #if (defined(ONESHOT_TIMEOUT) && (ONESHOT_TIMEOUT > 0))
 127:../../tmk_core/common/action_util.c ****     oneshot_time = timer_read();
 128:../../tmk_core/common/action_util.c **** #endif
 129:../../tmk_core/common/action_util.c **** }
 130:../../tmk_core/common/action_util.c **** void clear_oneshot_mods(void)
 131:../../tmk_core/common/action_util.c **** {
 132:../../tmk_core/common/action_util.c ****     oneshot_mods = 0;
 133:../../tmk_core/common/action_util.c **** #if (defined(ONESHOT_TIMEOUT) && (ONESHOT_TIMEOUT > 0))
 134:../../tmk_core/common/action_util.c ****     oneshot_time = 0;
 135:../../tmk_core/common/action_util.c **** #endif
 136:../../tmk_core/common/action_util.c **** }
 137:../../tmk_core/common/action_util.c **** #endif
 138:../../tmk_core/common/action_util.c **** 
 139:../../tmk_core/common/action_util.c **** 
 140:../../tmk_core/common/action_util.c **** 
 141:../../tmk_core/common/action_util.c **** 
 142:../../tmk_core/common/action_util.c **** /*
 143:../../tmk_core/common/action_util.c ****  * inspect keyboard state
 144:../../tmk_core/common/action_util.c ****  */
 145:../../tmk_core/common/action_util.c **** uint8_t has_anykey(void)
 146:../../tmk_core/common/action_util.c **** {
 147:../../tmk_core/common/action_util.c ****     uint8_t cnt = 0;
 148:../../tmk_core/common/action_util.c ****     for (uint8_t i = 1; i < KEYBOARD_REPORT_SIZE; i++) {
 149:../../tmk_core/common/action_util.c ****         if (keyboard_report->raw[i])
 150:../../tmk_core/common/action_util.c ****             cnt++;
 151:../../tmk_core/common/action_util.c ****     }
 152:../../tmk_core/common/action_util.c ****     return cnt;
 153:../../tmk_core/common/action_util.c **** }
 154:../../tmk_core/common/action_util.c **** 
 155:../../tmk_core/common/action_util.c **** uint8_t has_anymod(void)
 156:../../tmk_core/common/action_util.c **** {
 157:../../tmk_core/common/action_util.c ****     return bitpop(real_mods);
 158:../../tmk_core/common/action_util.c **** }
 159:../../tmk_core/common/action_util.c **** 
 160:../../tmk_core/common/action_util.c **** uint8_t get_first_key(void)
 161:../../tmk_core/common/action_util.c **** {
 162:../../tmk_core/common/action_util.c **** #ifdef NKRO_ENABLE
 163:../../tmk_core/common/action_util.c ****     if (keyboard_protocol && keyboard_nkro) {
 164:../../tmk_core/common/action_util.c ****         uint8_t i = 0;
 165:../../tmk_core/common/action_util.c ****         for (; i < KEYBOARD_REPORT_BITS && !keyboard_report->nkro.bits[i]; i++)
 166:../../tmk_core/common/action_util.c ****             ;
 167:../../tmk_core/common/action_util.c ****         return i<<3 | biton(keyboard_report->nkro.bits[i]);
 168:../../tmk_core/common/action_util.c ****     }
 169:../../tmk_core/common/action_util.c **** #endif
 170:../../tmk_core/common/action_util.c **** #ifdef USB_6KRO_ENABLE
 171:../../tmk_core/common/action_util.c ****     uint8_t i = cb_head;
 172:../../tmk_core/common/action_util.c ****     do {
 173:../../tmk_core/common/action_util.c ****         if (keyboard_report->keys[i] != 0) {
 174:../../tmk_core/common/action_util.c ****             break;
 175:../../tmk_core/common/action_util.c ****         }
 176:../../tmk_core/common/action_util.c ****         i = RO_INC(i);
 177:../../tmk_core/common/action_util.c ****     } while (i != cb_tail);
 178:../../tmk_core/common/action_util.c ****     return keyboard_report->keys[i];
 179:../../tmk_core/common/action_util.c **** #else
 180:../../tmk_core/common/action_util.c ****     return keyboard_report->keys[0];
 181:../../tmk_core/common/action_util.c **** #endif
 182:../../tmk_core/common/action_util.c **** }
 183:../../tmk_core/common/action_util.c **** 
 184:../../tmk_core/common/action_util.c **** 
 185:../../tmk_core/common/action_util.c **** 
 186:../../tmk_core/common/action_util.c **** /* local functions */
 187:../../tmk_core/common/action_util.c **** static inline void add_key_byte(uint8_t code)
  26               		.loc 1 187 20 view .LVU2
  27               	.LBB5:
 188:../../tmk_core/common/action_util.c **** {
 189:../../tmk_core/common/action_util.c **** #ifdef USB_6KRO_ENABLE
 190:../../tmk_core/common/action_util.c ****     int8_t i = cb_head;
 191:../../tmk_core/common/action_util.c ****     int8_t empty = -1;
 192:../../tmk_core/common/action_util.c ****     if (cb_count) {
 193:../../tmk_core/common/action_util.c ****         do {
 194:../../tmk_core/common/action_util.c ****             if (keyboard_report->keys[i] == code) {
 195:../../tmk_core/common/action_util.c ****                 return;
 196:../../tmk_core/common/action_util.c ****             }
 197:../../tmk_core/common/action_util.c ****             if (empty == -1 && keyboard_report->keys[i] == 0) {
 198:../../tmk_core/common/action_util.c ****                 empty = i;
 199:../../tmk_core/common/action_util.c ****             }
 200:../../tmk_core/common/action_util.c ****             i = RO_INC(i);
 201:../../tmk_core/common/action_util.c ****         } while (i != cb_tail);
 202:../../tmk_core/common/action_util.c ****         if (i == cb_tail) {
 203:../../tmk_core/common/action_util.c ****             if (cb_tail == cb_head) {
 204:../../tmk_core/common/action_util.c ****                 // buffer is full
 205:../../tmk_core/common/action_util.c ****                 if (empty == -1) {
 206:../../tmk_core/common/action_util.c ****                     // pop head when has no empty space
 207:../../tmk_core/common/action_util.c ****                     cb_head = RO_INC(cb_head);
 208:../../tmk_core/common/action_util.c ****                     cb_count--;
 209:../../tmk_core/common/action_util.c ****                 }
 210:../../tmk_core/common/action_util.c ****                 else {
 211:../../tmk_core/common/action_util.c ****                     // left shift when has empty space
 212:../../tmk_core/common/action_util.c ****                     uint8_t offset = 1;
 213:../../tmk_core/common/action_util.c ****                     i = RO_INC(empty);
 214:../../tmk_core/common/action_util.c ****                     do {
 215:../../tmk_core/common/action_util.c ****                         if (keyboard_report->keys[i] != 0) {
 216:../../tmk_core/common/action_util.c ****                             keyboard_report->keys[empty] = keyboard_report->keys[i];
 217:../../tmk_core/common/action_util.c ****                             keyboard_report->keys[i] = 0;
 218:../../tmk_core/common/action_util.c ****                             empty = RO_INC(empty);
 219:../../tmk_core/common/action_util.c ****                         }
 220:../../tmk_core/common/action_util.c ****                         else {
 221:../../tmk_core/common/action_util.c ****                             offset++;
 222:../../tmk_core/common/action_util.c ****                         }
 223:../../tmk_core/common/action_util.c ****                         i = RO_INC(i);
 224:../../tmk_core/common/action_util.c ****                     } while (i != cb_tail);
 225:../../tmk_core/common/action_util.c ****                     cb_tail = RO_SUB(cb_tail, offset);
 226:../../tmk_core/common/action_util.c ****                 }
 227:../../tmk_core/common/action_util.c ****             }
 228:../../tmk_core/common/action_util.c ****         }
 229:../../tmk_core/common/action_util.c ****     }
 230:../../tmk_core/common/action_util.c ****     // add to tail
 231:../../tmk_core/common/action_util.c ****     keyboard_report->keys[cb_tail] = code;
 232:../../tmk_core/common/action_util.c ****     cb_tail = RO_INC(cb_tail);
 233:../../tmk_core/common/action_util.c ****     cb_count++;
 234:../../tmk_core/common/action_util.c **** #else
 235:../../tmk_core/common/action_util.c ****     int8_t i = 0;
  28               		.loc 1 235 5 view .LVU3
 236:../../tmk_core/common/action_util.c ****     int8_t empty = -1;
  29               		.loc 1 236 5 view .LVU4
 237:../../tmk_core/common/action_util.c ****     for (; i < KEYBOARD_REPORT_KEYS; i++) {
  30               		.loc 1 237 5 view .LVU5
 238:../../tmk_core/common/action_util.c ****         if (keyboard_report->keys[i] == code) {
  31               		.loc 1 238 28 is_stmt 0 view .LVU6
  32 0000 2091 0000 		lds r18,keyboard_report
  33 0004 3091 0000 		lds r19,keyboard_report+1
  34 0008 F901      		movw r30,r18
  35 000a 3296      		adiw r30,2
 236:../../tmk_core/common/action_util.c ****     int8_t empty = -1;
  36               		.loc 1 236 12 view .LVU7
  37 000c 9FEF      		ldi r25,lo8(-1)
 235:../../tmk_core/common/action_util.c ****     int8_t empty = -1;
  38               		.loc 1 235 12 view .LVU8
  39 000e 40E0      		ldi r20,0
  40               	.LVL1:
  41               	.L4:
  42               		.loc 1 238 9 is_stmt 1 view .LVU9
  43               		.loc 1 238 34 is_stmt 0 view .LVU10
  44 0010 5191      		ld r21,Z+
  45               		.loc 1 238 12 view .LVU11
  46 0012 8517      		cp r24,r21
  47 0014 01F0      		breq .L1
 239:../../tmk_core/common/action_util.c ****             break;
 240:../../tmk_core/common/action_util.c ****         }
 241:../../tmk_core/common/action_util.c ****         if (empty == -1 && keyboard_report->keys[i] == 0) {
  48               		.loc 1 241 9 is_stmt 1 view .LVU12
  49               		.loc 1 241 12 is_stmt 0 view .LVU13
  50 0016 9F3F      		cpi r25,lo8(-1)
  51 0018 01F4      		brne .L3
  52               		.loc 1 241 25 view .LVU14
  53 001a 5111      		cpse r21,__zero_reg__
  54 001c 00C0      		rjmp .L3
  55 001e 942F      		mov r25,r20
  56               	.LVL2:
  57               	.L3:
  58               		.loc 1 241 25 view .LVU15
  59 0020 4F5F      		subi r20,lo8(-(1))
  60               	.LVL3:
 237:../../tmk_core/common/action_util.c ****         if (keyboard_report->keys[i] == code) {
  61               		.loc 1 237 5 view .LVU16
  62 0022 4630      		cpi r20,lo8(6)
  63 0024 01F4      		brne .L4
 242:../../tmk_core/common/action_util.c ****             empty = i;
 243:../../tmk_core/common/action_util.c ****         }
 244:../../tmk_core/common/action_util.c ****     }
 245:../../tmk_core/common/action_util.c ****     if (i == KEYBOARD_REPORT_KEYS) {
  64               		.loc 1 245 5 is_stmt 1 view .LVU17
 246:../../tmk_core/common/action_util.c ****         if (empty != -1) {
  65               		.loc 1 246 9 view .LVU18
  66               		.loc 1 246 12 is_stmt 0 view .LVU19
  67 0026 9F3F      		cpi r25,lo8(-1)
  68 0028 01F4      		brne .L6
  69               	.L1:
  70               	/* epilogue start */
  71               		.loc 1 246 12 view .LVU20
  72               	.LBE5:
  73               	.LBE4:
  85:../../tmk_core/common/action_util.c **** 
  74               		.loc 1 85 1 view .LVU21
  75 002a 0895      		ret
  76               	.L6:
  77               	.LBB7:
  78               	.LBB6:
 247:../../tmk_core/common/action_util.c ****             keyboard_report->keys[empty] = code;
  79               		.loc 1 247 13 is_stmt 1 view .LVU22
  80               		.loc 1 247 42 is_stmt 0 view .LVU23
  81 002c 290F      		add r18,r25
  82 002e 311D      		adc r19,__zero_reg__
  83 0030 97FD      		sbrc r25,7
  84 0032 3A95      		dec r19
  85 0034 F901      		movw r30,r18
  86 0036 8283      		std Z+2,r24
  87               	.LVL4:
  88               		.loc 1 247 42 view .LVU24
  89               	.LBE6:
  90               	.LBE7:
  85:../../tmk_core/common/action_util.c **** 
  91               		.loc 1 85 1 view .LVU25
  92 0038 0895      		ret
  93               		.cfi_endproc
  94               	.LFE2:
  96               		.section	.text.del_key,"ax",@progbits
  97               	.global	del_key
  99               	del_key:
 100               	.LVL5:
 101               	.LFB3:
  88:../../tmk_core/common/action_util.c **** #ifdef NKRO_ENABLE
 102               		.loc 1 88 1 is_stmt 1 view -0
 103               		.cfi_startproc
 104               	/* prologue: function */
 105               	/* frame size = 0 */
 106               	/* stack size = 0 */
 107               	.L__stack_usage = 0
  95:../../tmk_core/common/action_util.c **** }
 108               		.loc 1 95 5 view .LVU27
 109               	.LBB11:
 110               	.LBI11:
 248:../../tmk_core/common/action_util.c ****         }
 249:../../tmk_core/common/action_util.c ****     }
 250:../../tmk_core/common/action_util.c **** #endif
 251:../../tmk_core/common/action_util.c **** }
 252:../../tmk_core/common/action_util.c **** 
 253:../../tmk_core/common/action_util.c **** static inline void del_key_byte(uint8_t code)
 111               		.loc 1 253 20 view .LVU28
 112               	.LBE11:
 254:../../tmk_core/common/action_util.c **** {
 255:../../tmk_core/common/action_util.c **** #ifdef USB_6KRO_ENABLE
 256:../../tmk_core/common/action_util.c ****     uint8_t i = cb_head;
 257:../../tmk_core/common/action_util.c ****     if (cb_count) {
 258:../../tmk_core/common/action_util.c ****         do {
 259:../../tmk_core/common/action_util.c ****             if (keyboard_report->keys[i] == code) {
 260:../../tmk_core/common/action_util.c ****                 keyboard_report->keys[i] = 0;
 261:../../tmk_core/common/action_util.c ****                 cb_count--;
 262:../../tmk_core/common/action_util.c ****                 if (cb_count == 0) {
 263:../../tmk_core/common/action_util.c ****                     // reset head and tail
 264:../../tmk_core/common/action_util.c ****                     cb_tail = cb_head = 0;
 265:../../tmk_core/common/action_util.c ****                 }
 266:../../tmk_core/common/action_util.c ****                 if (i == RO_DEC(cb_tail)) {
 267:../../tmk_core/common/action_util.c ****                     // left shift when next to tail
 268:../../tmk_core/common/action_util.c ****                     do {
 269:../../tmk_core/common/action_util.c ****                         cb_tail = RO_DEC(cb_tail);
 270:../../tmk_core/common/action_util.c ****                         if (keyboard_report->keys[RO_DEC(cb_tail)] != 0) {
 271:../../tmk_core/common/action_util.c ****                             break;
 272:../../tmk_core/common/action_util.c ****                         }
 273:../../tmk_core/common/action_util.c ****                     } while (cb_tail != cb_head);
 274:../../tmk_core/common/action_util.c ****                 }
 275:../../tmk_core/common/action_util.c ****                 break;
 276:../../tmk_core/common/action_util.c ****             }
 277:../../tmk_core/common/action_util.c ****             i = RO_INC(i);
 278:../../tmk_core/common/action_util.c ****         } while (i != cb_tail);
 279:../../tmk_core/common/action_util.c ****     }
 280:../../tmk_core/common/action_util.c **** #else
 281:../../tmk_core/common/action_util.c ****     for (uint8_t i = 0; i < KEYBOARD_REPORT_KEYS; i++) {
 113               		.loc 1 281 5 view .LVU29
 114               	.LBB13:
 115               	.LBB12:
 116               		.loc 1 281 10 view .LVU30
 282:../../tmk_core/common/action_util.c ****         if (keyboard_report->keys[i] == code) {
 117               		.loc 1 282 28 is_stmt 0 view .LVU31
 118 0000 2091 0000 		lds r18,keyboard_report
 119 0004 3091 0000 		lds r19,keyboard_report+1
 120 0008 F901      		movw r30,r18
 121 000a 3296      		adiw r30,2
 122 000c 285F      		subi r18,-8
 123 000e 3F4F      		sbci r19,-1
 124               	.LVL6:
 125               	.L11:
 126               		.loc 1 282 9 is_stmt 1 view .LVU32
 127               		.loc 1 282 34 is_stmt 0 view .LVU33
 128 0010 9191      		ld r25,Z+
 129               	.LVL7:
 130               		.loc 1 282 12 view .LVU34
 131 0012 8913      		cpse r24,r25
 132 0014 00C0      		rjmp .L10
 283:../../tmk_core/common/action_util.c ****             keyboard_report->keys[i] = 0;
 133               		.loc 1 283 13 is_stmt 1 view .LVU35
 134               		.loc 1 283 38 is_stmt 0 view .LVU36
 135 0016 DF01      		movw r26,r30
 136 0018 1197      		sbiw r26,1
 137 001a 1C92      		st X,__zero_reg__
 138               	.L10:
 139               	.LVL8:
 281:../../tmk_core/common/action_util.c ****         if (keyboard_report->keys[i] == code) {
 140               		.loc 1 281 5 view .LVU37
 141 001c E217      		cp r30,r18
 142 001e F307      		cpc r31,r19
 143 0020 01F4      		brne .L11
 144               	/* epilogue start */
 145               	.LBE12:
 146               	.LBE13:
  96:../../tmk_core/common/action_util.c **** 
 147               		.loc 1 96 1 view .LVU38
 148 0022 0895      		ret
 149               		.cfi_endproc
 150               	.LFE3:
 152               		.section	.text.clear_keys,"ax",@progbits
 153               	.global	clear_keys
 155               	clear_keys:
 156               	.LFB4:
  99:../../tmk_core/common/action_util.c ****     // not clear mods
 157               		.loc 1 99 1 is_stmt 1 view -0
 158               		.cfi_startproc
 159               	/* prologue: function */
 160               	/* frame size = 0 */
 161               	/* stack size = 0 */
 162               	.L__stack_usage = 0
 101:../../tmk_core/common/action_util.c ****         keyboard_report->raw[i] = 0;
 163               		.loc 1 101 5 view .LVU40
 164               	.LBB14:
 101:../../tmk_core/common/action_util.c ****         keyboard_report->raw[i] = 0;
 165               		.loc 1 101 10 view .LVU41
 166               	.LVL9:
 101:../../tmk_core/common/action_util.c ****         keyboard_report->raw[i] = 0;
 167               		.loc 1 101 10 is_stmt 0 view .LVU42
 168               	.LBE14:
  99:../../tmk_core/common/action_util.c ****     // not clear mods
 169               		.loc 1 99 1 view .LVU43
 170 0000 81E0      		ldi r24,lo8(1)
 171 0002 90E0      		ldi r25,0
 172               	.LVL10:
 173               	.L14:
 174               	.LBB15:
 102:../../tmk_core/common/action_util.c ****     }
 175               		.loc 1 102 9 is_stmt 1 discriminator 3 view .LVU44
 102:../../tmk_core/common/action_util.c ****     }
 176               		.loc 1 102 24 is_stmt 0 discriminator 3 view .LVU45
 177 0004 E091 0000 		lds r30,keyboard_report
 178 0008 F091 0000 		lds r31,keyboard_report+1
 102:../../tmk_core/common/action_util.c ****     }
 179               		.loc 1 102 33 discriminator 3 view .LVU46
 180 000c E80F      		add r30,r24
 181 000e F91F      		adc r31,r25
 182 0010 1082      		st Z,__zero_reg__
 183               	.LVL11:
 102:../../tmk_core/common/action_util.c ****     }
 184               		.loc 1 102 33 discriminator 3 view .LVU47
 185 0012 0196      		adiw r24,1
 186               	.LVL12:
 101:../../tmk_core/common/action_util.c ****         keyboard_report->raw[i] = 0;
 187               		.loc 1 101 5 discriminator 3 view .LVU48
 188 0014 8830      		cpi r24,8
 189 0016 9105      		cpc r25,__zero_reg__
 190 0018 01F4      		brne .L14
 191               	/* epilogue start */
 192               	.LBE15:
 104:../../tmk_core/common/action_util.c **** 
 193               		.loc 1 104 1 view .LVU49
 194 001a 0895      		ret
 195               		.cfi_endproc
 196               	.LFE4:
 198               		.section	.text.get_mods,"ax",@progbits
 199               	.global	get_mods
 201               	get_mods:
 202               	.LFB5:
 108:../../tmk_core/common/action_util.c **** void add_mods(uint8_t mods) { real_mods |= mods; }
 203               		.loc 1 108 24 is_stmt 1 view -0
 204               		.cfi_startproc
 205               	/* prologue: function */
 206               	/* frame size = 0 */
 207               	/* stack size = 0 */
 208               	.L__stack_usage = 0
 108:../../tmk_core/common/action_util.c **** void add_mods(uint8_t mods) { real_mods |= mods; }
 209               		.loc 1 108 26 view .LVU51
 108:../../tmk_core/common/action_util.c **** void add_mods(uint8_t mods) { real_mods |= mods; }
 210               		.loc 1 108 1 is_stmt 0 view .LVU52
 211 0000 8091 0000 		lds r24,real_mods
 212               	/* epilogue start */
 213 0004 0895      		ret
 214               		.cfi_endproc
 215               	.LFE5:
 217               		.section	.text.add_mods,"ax",@progbits
 218               	.global	add_mods
 220               	add_mods:
 221               	.LVL13:
 222               	.LFB6:
 109:../../tmk_core/common/action_util.c **** void del_mods(uint8_t mods) { real_mods &= ~mods; }
 223               		.loc 1 109 29 is_stmt 1 view -0
 224               		.cfi_startproc
 225               	/* prologue: function */
 226               	/* frame size = 0 */
 227               	/* stack size = 0 */
 228               	.L__stack_usage = 0
 109:../../tmk_core/common/action_util.c **** void del_mods(uint8_t mods) { real_mods &= ~mods; }
 229               		.loc 1 109 31 view .LVU54
 109:../../tmk_core/common/action_util.c **** void del_mods(uint8_t mods) { real_mods &= ~mods; }
 230               		.loc 1 109 41 is_stmt 0 view .LVU55
 231 0000 9091 0000 		lds r25,real_mods
 232 0004 982B      		or r25,r24
 233 0006 9093 0000 		sts real_mods,r25
 234               	/* epilogue start */
 109:../../tmk_core/common/action_util.c **** void del_mods(uint8_t mods) { real_mods &= ~mods; }
 235               		.loc 1 109 1 view .LVU56
 236 000a 0895      		ret
 237               		.cfi_endproc
 238               	.LFE6:
 240               		.section	.text.del_mods,"ax",@progbits
 241               	.global	del_mods
 243               	del_mods:
 244               	.LVL14:
 245               	.LFB7:
 110:../../tmk_core/common/action_util.c **** void set_mods(uint8_t mods) { real_mods = mods; }
 246               		.loc 1 110 29 is_stmt 1 view -0
 247               		.cfi_startproc
 248               	/* prologue: function */
 249               	/* frame size = 0 */
 250               	/* stack size = 0 */
 251               	.L__stack_usage = 0
 110:../../tmk_core/common/action_util.c **** void set_mods(uint8_t mods) { real_mods = mods; }
 252               		.loc 1 110 31 view .LVU58
 110:../../tmk_core/common/action_util.c **** void set_mods(uint8_t mods) { real_mods = mods; }
 253               		.loc 1 110 41 is_stmt 0 view .LVU59
 254 0000 982F      		mov r25,r24
 255 0002 9095      		com r25
 256 0004 8091 0000 		lds r24,real_mods
 257               	.LVL15:
 110:../../tmk_core/common/action_util.c **** void set_mods(uint8_t mods) { real_mods = mods; }
 258               		.loc 1 110 41 view .LVU60
 259 0008 8923      		and r24,r25
 260 000a 8093 0000 		sts real_mods,r24
 261               	/* epilogue start */
 110:../../tmk_core/common/action_util.c **** void set_mods(uint8_t mods) { real_mods = mods; }
 262               		.loc 1 110 1 view .LVU61
 263 000e 0895      		ret
 264               		.cfi_endproc
 265               	.LFE7:
 267               		.section	.text.set_mods,"ax",@progbits
 268               	.global	set_mods
 270               	set_mods:
 271               	.LVL16:
 272               	.LFB8:
 111:../../tmk_core/common/action_util.c **** void clear_mods(void) { real_mods = 0; }
 273               		.loc 1 111 29 is_stmt 1 view -0
 274               		.cfi_startproc
 275               	/* prologue: function */
 276               	/* frame size = 0 */
 277               	/* stack size = 0 */
 278               	.L__stack_usage = 0
 111:../../tmk_core/common/action_util.c **** void clear_mods(void) { real_mods = 0; }
 279               		.loc 1 111 31 view .LVU63
 111:../../tmk_core/common/action_util.c **** void clear_mods(void) { real_mods = 0; }
 280               		.loc 1 111 41 is_stmt 0 view .LVU64
 281 0000 8093 0000 		sts real_mods,r24
 282               	/* epilogue start */
 111:../../tmk_core/common/action_util.c **** void clear_mods(void) { real_mods = 0; }
 283               		.loc 1 111 1 view .LVU65
 284 0004 0895      		ret
 285               		.cfi_endproc
 286               	.LFE8:
 288               		.section	.text.clear_mods,"ax",@progbits
 289               	.global	clear_mods
 291               	clear_mods:
 292               	.LFB9:
 112:../../tmk_core/common/action_util.c **** 
 293               		.loc 1 112 23 is_stmt 1 view -0
 294               		.cfi_startproc
 295               	/* prologue: function */
 296               	/* frame size = 0 */
 297               	/* stack size = 0 */
 298               	.L__stack_usage = 0
 112:../../tmk_core/common/action_util.c **** 
 299               		.loc 1 112 25 view .LVU67
 112:../../tmk_core/common/action_util.c **** 
 300               		.loc 1 112 35 is_stmt 0 view .LVU68
 301 0000 1092 0000 		sts real_mods,__zero_reg__
 302               	/* epilogue start */
 112:../../tmk_core/common/action_util.c **** 
 303               		.loc 1 112 1 view .LVU69
 304 0004 0895      		ret
 305               		.cfi_endproc
 306               	.LFE9:
 308               		.section	.text.get_weak_mods,"ax",@progbits
 309               	.global	get_weak_mods
 311               	get_weak_mods:
 312               	.LFB10:
 115:../../tmk_core/common/action_util.c **** void add_weak_mods(uint8_t mods) { weak_mods |= mods; }
 313               		.loc 1 115 29 is_stmt 1 view -0
 314               		.cfi_startproc
 315               	/* prologue: function */
 316               	/* frame size = 0 */
 317               	/* stack size = 0 */
 318               	.L__stack_usage = 0
 115:../../tmk_core/common/action_util.c **** void add_weak_mods(uint8_t mods) { weak_mods |= mods; }
 319               		.loc 1 115 31 view .LVU71
 115:../../tmk_core/common/action_util.c **** void add_weak_mods(uint8_t mods) { weak_mods |= mods; }
 320               		.loc 1 115 1 is_stmt 0 view .LVU72
 321 0000 8091 0000 		lds r24,weak_mods
 322               	/* epilogue start */
 323 0004 0895      		ret
 324               		.cfi_endproc
 325               	.LFE10:
 327               		.section	.text.add_weak_mods,"ax",@progbits
 328               	.global	add_weak_mods
 330               	add_weak_mods:
 331               	.LVL17:
 332               	.LFB11:
 116:../../tmk_core/common/action_util.c **** void del_weak_mods(uint8_t mods) { weak_mods &= ~mods; }
 333               		.loc 1 116 34 is_stmt 1 view -0
 334               		.cfi_startproc
 335               	/* prologue: function */
 336               	/* frame size = 0 */
 337               	/* stack size = 0 */
 338               	.L__stack_usage = 0
 116:../../tmk_core/common/action_util.c **** void del_weak_mods(uint8_t mods) { weak_mods &= ~mods; }
 339               		.loc 1 116 36 view .LVU74
 116:../../tmk_core/common/action_util.c **** void del_weak_mods(uint8_t mods) { weak_mods &= ~mods; }
 340               		.loc 1 116 46 is_stmt 0 view .LVU75
 341 0000 9091 0000 		lds r25,weak_mods
 342 0004 982B      		or r25,r24
 343 0006 9093 0000 		sts weak_mods,r25
 344               	/* epilogue start */
 116:../../tmk_core/common/action_util.c **** void del_weak_mods(uint8_t mods) { weak_mods &= ~mods; }
 345               		.loc 1 116 1 view .LVU76
 346 000a 0895      		ret
 347               		.cfi_endproc
 348               	.LFE11:
 350               		.section	.text.del_weak_mods,"ax",@progbits
 351               	.global	del_weak_mods
 353               	del_weak_mods:
 354               	.LVL18:
 355               	.LFB12:
 117:../../tmk_core/common/action_util.c **** void set_weak_mods(uint8_t mods) { weak_mods = mods; }
 356               		.loc 1 117 34 is_stmt 1 view -0
 357               		.cfi_startproc
 358               	/* prologue: function */
 359               	/* frame size = 0 */
 360               	/* stack size = 0 */
 361               	.L__stack_usage = 0
 117:../../tmk_core/common/action_util.c **** void set_weak_mods(uint8_t mods) { weak_mods = mods; }
 362               		.loc 1 117 36 view .LVU78
 117:../../tmk_core/common/action_util.c **** void set_weak_mods(uint8_t mods) { weak_mods = mods; }
 363               		.loc 1 117 46 is_stmt 0 view .LVU79
 364 0000 982F      		mov r25,r24
 365 0002 9095      		com r25
 366 0004 8091 0000 		lds r24,weak_mods
 367               	.LVL19:
 117:../../tmk_core/common/action_util.c **** void set_weak_mods(uint8_t mods) { weak_mods = mods; }
 368               		.loc 1 117 46 view .LVU80
 369 0008 8923      		and r24,r25
 370 000a 8093 0000 		sts weak_mods,r24
 371               	/* epilogue start */
 117:../../tmk_core/common/action_util.c **** void set_weak_mods(uint8_t mods) { weak_mods = mods; }
 372               		.loc 1 117 1 view .LVU81
 373 000e 0895      		ret
 374               		.cfi_endproc
 375               	.LFE12:
 377               		.section	.text.set_weak_mods,"ax",@progbits
 378               	.global	set_weak_mods
 380               	set_weak_mods:
 381               	.LVL20:
 382               	.LFB13:
 118:../../tmk_core/common/action_util.c **** void clear_weak_mods(void) { weak_mods = 0; }
 383               		.loc 1 118 34 is_stmt 1 view -0
 384               		.cfi_startproc
 385               	/* prologue: function */
 386               	/* frame size = 0 */
 387               	/* stack size = 0 */
 388               	.L__stack_usage = 0
 118:../../tmk_core/common/action_util.c **** void clear_weak_mods(void) { weak_mods = 0; }
 389               		.loc 1 118 36 view .LVU83
 118:../../tmk_core/common/action_util.c **** void clear_weak_mods(void) { weak_mods = 0; }
 390               		.loc 1 118 46 is_stmt 0 view .LVU84
 391 0000 8093 0000 		sts weak_mods,r24
 392               	/* epilogue start */
 118:../../tmk_core/common/action_util.c **** void clear_weak_mods(void) { weak_mods = 0; }
 393               		.loc 1 118 1 view .LVU85
 394 0004 0895      		ret
 395               		.cfi_endproc
 396               	.LFE13:
 398               		.section	.text.clear_weak_mods,"ax",@progbits
 399               	.global	clear_weak_mods
 401               	clear_weak_mods:
 402               	.LFB14:
 119:../../tmk_core/common/action_util.c **** 
 403               		.loc 1 119 28 is_stmt 1 view -0
 404               		.cfi_startproc
 405               	/* prologue: function */
 406               	/* frame size = 0 */
 407               	/* stack size = 0 */
 408               	.L__stack_usage = 0
 119:../../tmk_core/common/action_util.c **** 
 409               		.loc 1 119 30 view .LVU87
 119:../../tmk_core/common/action_util.c **** 
 410               		.loc 1 119 40 is_stmt 0 view .LVU88
 411 0000 1092 0000 		sts weak_mods,__zero_reg__
 412               	/* epilogue start */
 119:../../tmk_core/common/action_util.c **** 
 413               		.loc 1 119 1 view .LVU89
 414 0004 0895      		ret
 415               		.cfi_endproc
 416               	.LFE14:
 418               		.section	.text.set_oneshot_mods,"ax",@progbits
 419               	.global	set_oneshot_mods
 421               	set_oneshot_mods:
 422               	.LVL21:
 423               	.LFB15:
 124:../../tmk_core/common/action_util.c ****     oneshot_mods = mods;
 424               		.loc 1 124 1 is_stmt 1 view -0
 425               		.cfi_startproc
 426               	/* prologue: function */
 427               	/* frame size = 0 */
 428               	/* stack size = 0 */
 429               	.L__stack_usage = 0
 125:../../tmk_core/common/action_util.c **** #if (defined(ONESHOT_TIMEOUT) && (ONESHOT_TIMEOUT > 0))
 430               		.loc 1 125 5 view .LVU91
 125:../../tmk_core/common/action_util.c **** #if (defined(ONESHOT_TIMEOUT) && (ONESHOT_TIMEOUT > 0))
 431               		.loc 1 125 18 is_stmt 0 view .LVU92
 432 0000 8093 0000 		sts oneshot_mods,r24
 433               	/* epilogue start */
 129:../../tmk_core/common/action_util.c **** void clear_oneshot_mods(void)
 434               		.loc 1 129 1 view .LVU93
 435 0004 0895      		ret
 436               		.cfi_endproc
 437               	.LFE15:
 439               		.section	.text.clear_oneshot_mods,"ax",@progbits
 440               	.global	clear_oneshot_mods
 442               	clear_oneshot_mods:
 443               	.LFB16:
 131:../../tmk_core/common/action_util.c ****     oneshot_mods = 0;
 444               		.loc 1 131 1 is_stmt 1 view -0
 445               		.cfi_startproc
 446               	/* prologue: function */
 447               	/* frame size = 0 */
 448               	/* stack size = 0 */
 449               	.L__stack_usage = 0
 132:../../tmk_core/common/action_util.c **** #if (defined(ONESHOT_TIMEOUT) && (ONESHOT_TIMEOUT > 0))
 450               		.loc 1 132 5 view .LVU95
 132:../../tmk_core/common/action_util.c **** #if (defined(ONESHOT_TIMEOUT) && (ONESHOT_TIMEOUT > 0))
 451               		.loc 1 132 18 is_stmt 0 view .LVU96
 452 0000 1092 0000 		sts oneshot_mods,__zero_reg__
 453               	/* epilogue start */
 136:../../tmk_core/common/action_util.c **** #endif
 454               		.loc 1 136 1 view .LVU97
 455 0004 0895      		ret
 456               		.cfi_endproc
 457               	.LFE16:
 459               		.section	.text.has_anykey,"ax",@progbits
 460               	.global	has_anykey
 462               	has_anykey:
 463               	.LFB17:
 146:../../tmk_core/common/action_util.c ****     uint8_t cnt = 0;
 464               		.loc 1 146 1 is_stmt 1 view -0
 465               		.cfi_startproc
 466               	/* prologue: function */
 467               	/* frame size = 0 */
 468               	/* stack size = 0 */
 469               	.L__stack_usage = 0
 147:../../tmk_core/common/action_util.c ****     for (uint8_t i = 1; i < KEYBOARD_REPORT_SIZE; i++) {
 470               		.loc 1 147 5 view .LVU99
 471               	.LVL22:
 148:../../tmk_core/common/action_util.c ****         if (keyboard_report->raw[i])
 472               		.loc 1 148 5 view .LVU100
 473               	.LBB16:
 148:../../tmk_core/common/action_util.c ****         if (keyboard_report->raw[i])
 474               		.loc 1 148 10 view .LVU101
 149:../../tmk_core/common/action_util.c ****             cnt++;
 475               		.loc 1 149 28 is_stmt 0 view .LVU102
 476 0000 2091 0000 		lds r18,keyboard_report
 477 0004 3091 0000 		lds r19,keyboard_report+1
 478 0008 F901      		movw r30,r18
 479 000a 3196      		adiw r30,1
 480 000c 285F      		subi r18,-8
 481 000e 3F4F      		sbci r19,-1
 482               	.LBE16:
 147:../../tmk_core/common/action_util.c ****     for (uint8_t i = 1; i < KEYBOARD_REPORT_SIZE; i++) {
 483               		.loc 1 147 13 view .LVU103
 484 0010 80E0      		ldi r24,0
 485               	.LVL23:
 486               	.L30:
 487               	.LBB17:
 149:../../tmk_core/common/action_util.c ****             cnt++;
 488               		.loc 1 149 9 is_stmt 1 view .LVU104
 149:../../tmk_core/common/action_util.c ****             cnt++;
 489               		.loc 1 149 33 is_stmt 0 view .LVU105
 490 0012 9191      		ld r25,Z+
 491               	.LVL24:
 149:../../tmk_core/common/action_util.c ****             cnt++;
 492               		.loc 1 149 12 view .LVU106
 493 0014 9111      		cpse r25,__zero_reg__
 150:../../tmk_core/common/action_util.c ****     }
 494               		.loc 1 150 13 is_stmt 1 view .LVU107
 150:../../tmk_core/common/action_util.c ****     }
 495               		.loc 1 150 16 is_stmt 0 view .LVU108
 496 0016 8F5F      		subi r24,lo8(-(1))
 497               	.LVL25:
 498               	.L29:
 148:../../tmk_core/common/action_util.c ****         if (keyboard_report->raw[i])
 499               		.loc 1 148 5 discriminator 2 view .LVU109
 500 0018 E217      		cp r30,r18
 501 001a F307      		cpc r31,r19
 502 001c 01F4      		brne .L30
 503               	/* epilogue start */
 148:../../tmk_core/common/action_util.c ****         if (keyboard_report->raw[i])
 504               		.loc 1 148 5 discriminator 2 view .LVU110
 505               	.LBE17:
 153:../../tmk_core/common/action_util.c **** 
 506               		.loc 1 153 1 view .LVU111
 507 001e 0895      		ret
 508               		.cfi_endproc
 509               	.LFE17:
 511               		.section	.text.send_keyboard_report,"ax",@progbits
 512               	.global	send_keyboard_report
 514               	send_keyboard_report:
 515               	.LFB1:
  55:../../tmk_core/common/action_util.c ****     keyboard_report->mods  = real_mods;
 516               		.loc 1 55 33 is_stmt 1 view -0
 517               		.cfi_startproc
 518               	/* prologue: function */
 519               	/* frame size = 0 */
 520               	/* stack size = 0 */
 521               	.L__stack_usage = 0
  56:../../tmk_core/common/action_util.c ****     keyboard_report->mods |= weak_mods;
 522               		.loc 1 56 5 view .LVU113
  56:../../tmk_core/common/action_util.c ****     keyboard_report->mods |= weak_mods;
 523               		.loc 1 56 20 is_stmt 0 view .LVU114
 524 0000 E091 0000 		lds r30,keyboard_report
 525 0004 F091 0000 		lds r31,keyboard_report+1
  56:../../tmk_core/common/action_util.c ****     keyboard_report->mods |= weak_mods;
 526               		.loc 1 56 28 view .LVU115
 527 0008 8091 0000 		lds r24,real_mods
 528 000c 8083      		st Z,r24
  57:../../tmk_core/common/action_util.c **** #ifndef NO_ACTION_ONESHOT
 529               		.loc 1 57 5 is_stmt 1 view .LVU116
  57:../../tmk_core/common/action_util.c **** #ifndef NO_ACTION_ONESHOT
 530               		.loc 1 57 27 is_stmt 0 view .LVU117
 531 000e E091 0000 		lds r30,keyboard_report
 532 0012 F091 0000 		lds r31,keyboard_report+1
 533 0016 8081      		ld r24,Z
 534 0018 9091 0000 		lds r25,weak_mods
 535 001c 892B      		or r24,r25
 536 001e 8083      		st Z,r24
  59:../../tmk_core/common/action_util.c **** #if (defined(ONESHOT_TIMEOUT) && (ONESHOT_TIMEOUT > 0))
 537               		.loc 1 59 5 is_stmt 1 view .LVU118
  59:../../tmk_core/common/action_util.c **** #if (defined(ONESHOT_TIMEOUT) && (ONESHOT_TIMEOUT > 0))
 538               		.loc 1 59 9 is_stmt 0 view .LVU119
 539 0020 9091 0000 		lds r25,oneshot_mods
  59:../../tmk_core/common/action_util.c **** #if (defined(ONESHOT_TIMEOUT) && (ONESHOT_TIMEOUT > 0))
 540               		.loc 1 59 8 view .LVU120
 541 0024 9923      		tst r25
 542 0026 01F0      		breq .L37
  66:../../tmk_core/common/action_util.c ****         if (has_anykey()) {
 543               		.loc 1 66 9 is_stmt 1 view .LVU121
  66:../../tmk_core/common/action_util.c ****         if (has_anykey()) {
 544               		.loc 1 66 31 is_stmt 0 view .LVU122
 545 0028 E091 0000 		lds r30,keyboard_report
 546 002c F091 0000 		lds r31,keyboard_report+1
 547 0030 8081      		ld r24,Z
 548 0032 892B      		or r24,r25
 549 0034 8083      		st Z,r24
  67:../../tmk_core/common/action_util.c ****             clear_oneshot_mods();
 550               		.loc 1 67 9 is_stmt 1 view .LVU123
  67:../../tmk_core/common/action_util.c ****             clear_oneshot_mods();
 551               		.loc 1 67 13 is_stmt 0 view .LVU124
 552 0036 0E94 0000 		call has_anykey
 553               	.LVL26:
  67:../../tmk_core/common/action_util.c ****             clear_oneshot_mods();
 554               		.loc 1 67 12 view .LVU125
 555 003a 8111      		cpse r24,__zero_reg__
  68:../../tmk_core/common/action_util.c ****         }
 556               		.loc 1 68 13 is_stmt 1 view .LVU126
 557               	.LBB20:
 558               	.LBI20:
 130:../../tmk_core/common/action_util.c **** {
 559               		.loc 1 130 6 view .LVU127
 560               	.LBB21:
 132:../../tmk_core/common/action_util.c **** #if (defined(ONESHOT_TIMEOUT) && (ONESHOT_TIMEOUT > 0))
 561               		.loc 1 132 5 view .LVU128
 132:../../tmk_core/common/action_util.c **** #if (defined(ONESHOT_TIMEOUT) && (ONESHOT_TIMEOUT > 0))
 562               		.loc 1 132 18 is_stmt 0 view .LVU129
 563 003c 1092 0000 		sts oneshot_mods,__zero_reg__
 564               	.L37:
 565               	.LBE21:
 566               	.LBE20:
  72:../../tmk_core/common/action_util.c **** }
 567               		.loc 1 72 5 is_stmt 1 view .LVU130
 568 0040 8091 0000 		lds r24,keyboard_report
 569 0044 9091 0000 		lds r25,keyboard_report+1
 570 0048 0C94 0000 		jmp host_keyboard_send
 571               	.LVL27:
 572               		.cfi_endproc
 573               	.LFE1:
 575               		.section	.text.has_anymod,"ax",@progbits
 576               	.global	has_anymod
 578               	has_anymod:
 579               	.LFB18:
 156:../../tmk_core/common/action_util.c ****     return bitpop(real_mods);
 580               		.loc 1 156 1 view -0
 581               		.cfi_startproc
 582               	/* prologue: function */
 583               	/* frame size = 0 */
 584               	/* stack size = 0 */
 585               	.L__stack_usage = 0
 157:../../tmk_core/common/action_util.c **** }
 586               		.loc 1 157 5 view .LVU132
 157:../../tmk_core/common/action_util.c **** }
 587               		.loc 1 157 12 is_stmt 0 view .LVU133
 588 0000 8091 0000 		lds r24,real_mods
 589 0004 0C94 0000 		jmp bitpop
 590               	.LVL28:
 591               		.cfi_endproc
 592               	.LFE18:
 594               		.section	.text.get_first_key,"ax",@progbits
 595               	.global	get_first_key
 597               	get_first_key:
 598               	.LFB19:
 161:../../tmk_core/common/action_util.c **** #ifdef NKRO_ENABLE
 599               		.loc 1 161 1 is_stmt 1 view -0
 600               		.cfi_startproc
 601               	/* prologue: function */
 602               	/* frame size = 0 */
 603               	/* stack size = 0 */
 604               	.L__stack_usage = 0
 180:../../tmk_core/common/action_util.c **** #endif
 605               		.loc 1 180 5 view .LVU135
 180:../../tmk_core/common/action_util.c **** #endif
 606               		.loc 1 180 33 is_stmt 0 view .LVU136
 607 0000 E091 0000 		lds r30,keyboard_report
 608 0004 F091 0000 		lds r31,keyboard_report+1
 182:../../tmk_core/common/action_util.c **** 
 609               		.loc 1 182 1 view .LVU137
 610 0008 8281      		ldd r24,Z+2
 611               	/* epilogue start */
 612 000a 0895      		ret
 613               		.cfi_endproc
 614               	.LFE19:
 616               		.section	.bss.oneshot_mods,"aw",@nobits
 619               	oneshot_mods:
 620 0000 00        		.zero	1
 621               	.global	keyboard_report
 622               		.section	.data.keyboard_report,"aw"
 625               	keyboard_report:
 626 0000 0000      		.word	__compound_literal.0
 627               		.section	.bss.__compound_literal.0,"aw",@nobits
 630               	__compound_literal.0:
 631 0000 0000 0000 		.zero	8
 631      0000 0000 
 632               		.section	.bss.weak_mods,"aw",@nobits
 635               	weak_mods:
 636 0000 00        		.zero	1
 637               		.section	.bss.real_mods,"aw",@nobits
 640               	real_mods:
 641 0000 00        		.zero	1
 642               		.text
 643               	.Letext0:
 644               		.file 2 "/usr/local/Cellar/avr-gcc/9.1.0/avr/include/stdint.h"
 645               		.file 3 "../../tmk_core/common/report.h"
 646               		.file 4 "../../tmk_core/common/host.h"
 647               		.file 5 "../../tmk_core/common/avr/xprintf.h"
 648               		.file 6 "../../tmk_core/common/debug.h"
 649               		.file 7 "../../tmk_core/common/action_util.h"
 650               		.file 8 "../../tmk_core/common/timer.h"
 651               		.file 9 "../../tmk_core/common/util.h"
DEFINED SYMBOLS
                            *ABS*:0000000000000000 action_util.c
/var/folders/cl/jr07md_52y31f_27z07pkw7h0000gp/T//ccYQAEl9.s:2      *ABS*:000000000000003e __SP_H__
/var/folders/cl/jr07md_52y31f_27z07pkw7h0000gp/T//ccYQAEl9.s:3      *ABS*:000000000000003d __SP_L__
/var/folders/cl/jr07md_52y31f_27z07pkw7h0000gp/T//ccYQAEl9.s:4      *ABS*:000000000000003f __SREG__
/var/folders/cl/jr07md_52y31f_27z07pkw7h0000gp/T//ccYQAEl9.s:5      *ABS*:0000000000000000 __tmp_reg__
/var/folders/cl/jr07md_52y31f_27z07pkw7h0000gp/T//ccYQAEl9.s:6      *ABS*:0000000000000001 __zero_reg__
/var/folders/cl/jr07md_52y31f_27z07pkw7h0000gp/T//ccYQAEl9.s:13     .text.add_key:0000000000000000 add_key
/var/folders/cl/jr07md_52y31f_27z07pkw7h0000gp/T//ccYQAEl9.s:625    .data.keyboard_report:0000000000000000 keyboard_report
/var/folders/cl/jr07md_52y31f_27z07pkw7h0000gp/T//ccYQAEl9.s:99     .text.del_key:0000000000000000 del_key
/var/folders/cl/jr07md_52y31f_27z07pkw7h0000gp/T//ccYQAEl9.s:155    .text.clear_keys:0000000000000000 clear_keys
/var/folders/cl/jr07md_52y31f_27z07pkw7h0000gp/T//ccYQAEl9.s:201    .text.get_mods:0000000000000000 get_mods
/var/folders/cl/jr07md_52y31f_27z07pkw7h0000gp/T//ccYQAEl9.s:640    .bss.real_mods:0000000000000000 real_mods
/var/folders/cl/jr07md_52y31f_27z07pkw7h0000gp/T//ccYQAEl9.s:220    .text.add_mods:0000000000000000 add_mods
/var/folders/cl/jr07md_52y31f_27z07pkw7h0000gp/T//ccYQAEl9.s:243    .text.del_mods:0000000000000000 del_mods
/var/folders/cl/jr07md_52y31f_27z07pkw7h0000gp/T//ccYQAEl9.s:270    .text.set_mods:0000000000000000 set_mods
/var/folders/cl/jr07md_52y31f_27z07pkw7h0000gp/T//ccYQAEl9.s:291    .text.clear_mods:0000000000000000 clear_mods
/var/folders/cl/jr07md_52y31f_27z07pkw7h0000gp/T//ccYQAEl9.s:311    .text.get_weak_mods:0000000000000000 get_weak_mods
/var/folders/cl/jr07md_52y31f_27z07pkw7h0000gp/T//ccYQAEl9.s:635    .bss.weak_mods:0000000000000000 weak_mods
/var/folders/cl/jr07md_52y31f_27z07pkw7h0000gp/T//ccYQAEl9.s:330    .text.add_weak_mods:0000000000000000 add_weak_mods
/var/folders/cl/jr07md_52y31f_27z07pkw7h0000gp/T//ccYQAEl9.s:353    .text.del_weak_mods:0000000000000000 del_weak_mods
/var/folders/cl/jr07md_52y31f_27z07pkw7h0000gp/T//ccYQAEl9.s:380    .text.set_weak_mods:0000000000000000 set_weak_mods
/var/folders/cl/jr07md_52y31f_27z07pkw7h0000gp/T//ccYQAEl9.s:401    .text.clear_weak_mods:0000000000000000 clear_weak_mods
/var/folders/cl/jr07md_52y31f_27z07pkw7h0000gp/T//ccYQAEl9.s:421    .text.set_oneshot_mods:0000000000000000 set_oneshot_mods
/var/folders/cl/jr07md_52y31f_27z07pkw7h0000gp/T//ccYQAEl9.s:619    .bss.oneshot_mods:0000000000000000 oneshot_mods
/var/folders/cl/jr07md_52y31f_27z07pkw7h0000gp/T//ccYQAEl9.s:442    .text.clear_oneshot_mods:0000000000000000 clear_oneshot_mods
/var/folders/cl/jr07md_52y31f_27z07pkw7h0000gp/T//ccYQAEl9.s:462    .text.has_anykey:0000000000000000 has_anykey
/var/folders/cl/jr07md_52y31f_27z07pkw7h0000gp/T//ccYQAEl9.s:514    .text.send_keyboard_report:0000000000000000 send_keyboard_report
/var/folders/cl/jr07md_52y31f_27z07pkw7h0000gp/T//ccYQAEl9.s:578    .text.has_anymod:0000000000000000 has_anymod
/var/folders/cl/jr07md_52y31f_27z07pkw7h0000gp/T//ccYQAEl9.s:597    .text.get_first_key:0000000000000000 get_first_key
/var/folders/cl/jr07md_52y31f_27z07pkw7h0000gp/T//ccYQAEl9.s:630    .bss.__compound_literal.0:0000000000000000 __compound_literal.0

UNDEFINED SYMBOLS
host_keyboard_send
bitpop
__do_copy_data
__do_clear_bss
