   1               		.file	"unimap.c"
   2               	__SP_H__ = 0x3e
   3               	__SP_L__ = 0x3d
   4               	__SREG__ = 0x3f
   5               	__tmp_reg__ = 0
   6               	__zero_reg__ = 1
   7               		.text
   8               	.Ltext0:
   9               		.cfi_sections	.debug_frame
  10               		.section	.text.unimap_translate,"ax",@progbits
  11               	.global	unimap_translate
  13               	unimap_translate:
  14               	.LVL0:
  15               	.LFB4:
  16               		.file 1 "../../tmk_core/common/unimap.c"
   1:../../tmk_core/common/unimap.c **** #include "keyboard.h"
   2:../../tmk_core/common/unimap.c **** #include "action.h"
   3:../../tmk_core/common/unimap.c **** #include "unimap.h"
   4:../../tmk_core/common/unimap.c **** #include "print.h"
   5:../../tmk_core/common/unimap.c **** #if defined(__AVR__)
   6:../../tmk_core/common/unimap.c **** #   include <avr/pgmspace.h>
   7:../../tmk_core/common/unimap.c **** #endif
   8:../../tmk_core/common/unimap.c **** 
   9:../../tmk_core/common/unimap.c **** 
  10:../../tmk_core/common/unimap.c **** /* Keymapping with 16bit action codes */
  11:../../tmk_core/common/unimap.c **** extern const action_t actionmaps[][UNIMAP_ROWS][UNIMAP_COLS];
  12:../../tmk_core/common/unimap.c **** 
  13:../../tmk_core/common/unimap.c **** // table translates matrix to universal keymap
  14:../../tmk_core/common/unimap.c **** extern const uint8_t unimap_trans[MATRIX_ROWS][MATRIX_COLS];
  15:../../tmk_core/common/unimap.c **** 
  16:../../tmk_core/common/unimap.c **** 
  17:../../tmk_core/common/unimap.c **** 
  18:../../tmk_core/common/unimap.c **** // translates raw matrix to universal map
  19:../../tmk_core/common/unimap.c **** keypos_t unimap_translate(keypos_t key)
  20:../../tmk_core/common/unimap.c **** {
  17               		.loc 1 20 1 view -0
  18               		.cfi_startproc
  19               	/* prologue: function */
  20               	/* frame size = 0 */
  21               	/* stack size = 0 */
  22               	.L__stack_usage = 0
  21:../../tmk_core/common/unimap.c ****     uint8_t unimap_pos = 
  23               		.loc 1 21 5 view .LVU1
  24               	.LBB2:
  22:../../tmk_core/common/unimap.c **** #if defined(__AVR__)
  23:../../tmk_core/common/unimap.c ****         pgm_read_byte(&unimap_trans[key.row][key.col]);
  25               		.loc 1 23 9 view .LVU2
  26               		.loc 1 23 9 view .LVU3
  27               		.loc 1 23 9 view .LVU4
  28 0000 E92F      		mov r30,r25
  29               		.loc 1 23 9 is_stmt 0 view .LVU5
  30 0002 F0E0      		ldi r31,0
  31               	.LVL1:
  32               		.loc 1 23 9 view .LVU6
  33 0004 93E0      		ldi r25,3
  34               		1:
  35 0006 EE0F      		lsl r30
  36 0008 FF1F      		rol r31
  37 000a 9A95      		dec r25
  38 000c 01F4      		brne 1b
  39               	.LVL2:
  40               		.loc 1 23 9 view .LVU7
  41 000e E80F      		add r30,r24
  42 0010 F11D      		adc r31,__zero_reg__
  43               	.LVL3:
  44               		.loc 1 23 9 view .LVU8
  45 0012 E050      		subi r30,lo8(-(unimap_trans))
  46 0014 F040      		sbci r31,hi8(-(unimap_trans))
  47               	/* #APP */
  48               	 ;  23 "../../tmk_core/common/unimap.c" 1
  49 0016 9491      		lpm r25, Z
  50               		
  51               	 ;  0 "" 2
  52               	.LVL4:
  53               		.loc 1 23 9 is_stmt 1 view .LVU9
  54               		.loc 1 23 9 is_stmt 0 view .LVU10
  55               	/* #NOAPP */
  56               	.LBE2:
  24:../../tmk_core/common/unimap.c **** #else
  25:../../tmk_core/common/unimap.c ****         unimap_trans[key.row][key.col];
  26:../../tmk_core/common/unimap.c **** #endif
  27:../../tmk_core/common/unimap.c ****     return (keypos_t) {
  57               		.loc 1 27 5 is_stmt 1 view .LVU11
  28:../../tmk_core/common/unimap.c ****         .row = ((unimap_pos & 0xf0) >> 4),
  29:../../tmk_core/common/unimap.c ****         .col = (unimap_pos & 0x0f)
  30:../../tmk_core/common/unimap.c ****     };
  31:../../tmk_core/common/unimap.c **** }
  58               		.loc 1 31 1 is_stmt 0 view .LVU12
  59 0018 892F      		mov r24,r25
  60 001a 8F70      		andi r24,lo8(15)
  61 001c 9295      		swap r25
  62               	.LVL5:
  63               		.loc 1 31 1 view .LVU13
  64 001e 9F70      		andi r25,lo8(15)
  65               	/* epilogue start */
  66 0020 0895      		ret
  67               		.cfi_endproc
  68               	.LFE4:
  70               		.section	.text.action_for_key,"ax",@progbits
  71               		.weak	action_for_key
  73               	action_for_key:
  74               	.LVL6:
  75               	.LFB5:
  32:../../tmk_core/common/unimap.c **** 
  33:../../tmk_core/common/unimap.c **** /* Converts key to action */
  34:../../tmk_core/common/unimap.c **** __attribute__ ((weak))
  35:../../tmk_core/common/unimap.c **** action_t action_for_key(uint8_t layer, keypos_t key)
  36:../../tmk_core/common/unimap.c **** {
  76               		.loc 1 36 1 is_stmt 1 view -0
  77               		.cfi_startproc
  78               		.loc 1 36 1 is_stmt 0 view .LVU15
  79 0000 CF93      		push r28
  80               	.LCFI0:
  81               		.cfi_def_cfa_offset 3
  82               		.cfi_offset 28, -2
  83               	/* prologue: function */
  84               	/* frame size = 0 */
  85               	/* stack size = 1 */
  86               	.L__stack_usage = 1
  87 0002 C82F      		mov r28,r24
  88 0004 CB01      		movw r24,r22
  89               	.LVL7:
  37:../../tmk_core/common/unimap.c ****     keypos_t uni = unimap_translate(key);
  90               		.loc 1 37 5 is_stmt 1 view .LVU16
  91               		.loc 1 37 20 is_stmt 0 view .LVU17
  92 0006 0E94 0000 		call unimap_translate
  93               	.LVL8:
  38:../../tmk_core/common/unimap.c ****     if ((uni.row << 4 | uni.col) == UNIMAP_NO) {
  94               		.loc 1 38 5 is_stmt 1 view .LVU18
  95               		.loc 1 38 13 is_stmt 0 view .LVU19
  96 000a 292F      		mov r18,r25
  97 000c 30E0      		ldi r19,0
  98               		.loc 1 38 18 view .LVU20
  99 000e 44E0      		ldi r20,4
 100               		1:
 101 0010 220F      		lsl r18
 102 0012 331F      		rol r19
 103 0014 4A95      		dec r20
 104 0016 01F4      		brne 1b
 105               		.loc 1 38 28 view .LVU21
 106 0018 482F      		mov r20,r24
 107 001a 50E0      		ldi r21,0
 108               		.loc 1 38 23 view .LVU22
 109 001c 282B      		or r18,r24
 110 001e 352B      		or r19,r21
 111               		.loc 1 38 8 view .LVU23
 112 0020 2038      		cpi r18,-128
 113 0022 3105      		cpc r19,__zero_reg__
 114 0024 01F4      		brne .L3
 115               	.LBB3:
  39:../../tmk_core/common/unimap.c ****         return (action_t)ACTION_NO;
 116               		.loc 1 39 9 is_stmt 1 view .LVU24
 117               		.loc 1 39 16 is_stmt 0 view .LVU25
 118 0026 80E0      		ldi r24,0
 119               	.LVL9:
 120               		.loc 1 39 16 view .LVU26
 121 0028 90E0      		ldi r25,0
 122               	.LVL10:
 123               	.L4:
 124               	/* epilogue start */
 125               		.loc 1 39 16 view .LVU27
 126               	.LBE3:
  40:../../tmk_core/common/unimap.c ****     }
  41:../../tmk_core/common/unimap.c **** #if defined(__AVR__)
  42:../../tmk_core/common/unimap.c ****     return (action_t)pgm_read_word(&actionmaps[(layer)][(uni.row & 0x7)][(uni.col)]);
  43:../../tmk_core/common/unimap.c **** #else
  44:../../tmk_core/common/unimap.c ****     return actionmaps[(layer)][(uni.row & 0x7)][(uni.col)];
  45:../../tmk_core/common/unimap.c **** #endif
  46:../../tmk_core/common/unimap.c **** }
 127               		.loc 1 46 1 discriminator 1 view .LVU28
 128 002a CF91      		pop r28
 129               	.LVL11:
 130               		.loc 1 46 1 discriminator 1 view .LVU29
 131 002c 0895      		ret
 132               	.LVL12:
 133               	.L3:
  42:../../tmk_core/common/unimap.c **** #else
 134               		.loc 1 42 5 is_stmt 1 view .LVU30
 135               	.LBB4:
  42:../../tmk_core/common/unimap.c **** #else
 136               		.loc 1 42 22 view .LVU31
 137 002e 2C2F      		mov r18,r28
 138 0030 30E0      		ldi r19,0
 139 0032 83E0      		ldi r24,3
 140               		1:
 141 0034 220F      		lsl r18
 142 0036 331F      		rol r19
 143 0038 8A95      		dec r24
 144 003a 01F4      		brne 1b
 145 003c E92F      		mov r30,r25
 146 003e E770      		andi r30,lo8(7)
 147 0040 E20F      		add r30,r18
 148 0042 F32F      		mov r31,r19
 149 0044 F11D      		adc r31,__zero_reg__
 150 0046 94E0      		ldi r25,4
 151               		1:
 152 0048 EE0F      		lsl r30
 153 004a FF1F      		rol r31
 154 004c 9A95      		dec r25
 155 004e 01F4      		brne 1b
 156               	.LVL13:
  42:../../tmk_core/common/unimap.c **** #else
 157               		.loc 1 42 22 is_stmt 0 view .LVU32
 158 0050 E40F      		add r30,r20
 159 0052 F51F      		adc r31,r21
 160 0054 EE0F      		lsl r30
 161 0056 FF1F      		rol r31
 162 0058 E050      		subi r30,lo8(-(actionmaps))
 163 005a F040      		sbci r31,hi8(-(actionmaps))
 164               	.LVL14:
  42:../../tmk_core/common/unimap.c **** #else
 165               		.loc 1 42 22 is_stmt 1 view .LVU33
  42:../../tmk_core/common/unimap.c **** #else
 166               		.loc 1 42 22 view .LVU34
 167               	/* #APP */
 168               	 ;  42 "../../tmk_core/common/unimap.c" 1
 169 005c 8591      		lpm r24, Z+
 170 005e 9491      		lpm r25, Z
 171               		
 172               	 ;  0 "" 2
 173               	.LVL15:
  42:../../tmk_core/common/unimap.c **** #else
 174               		.loc 1 42 22 view .LVU35
 175               	/* #NOAPP */
 176               	.LBE4:
  42:../../tmk_core/common/unimap.c **** #else
 177               		.loc 1 42 12 is_stmt 0 view .LVU36
 178 0060 00C0      		rjmp .L4
 179               		.cfi_endproc
 180               	.LFE5:
 182               		.section	.text.action_get_macro,"ax",@progbits
 183               		.weak	action_get_macro
 185               	action_get_macro:
 186               	.LVL16:
 187               	.LFB6:
  47:../../tmk_core/common/unimap.c **** 
  48:../../tmk_core/common/unimap.c **** /* Macro */
  49:../../tmk_core/common/unimap.c **** __attribute__ ((weak))
  50:../../tmk_core/common/unimap.c **** const macro_t *action_get_macro(keyrecord_t *record, uint8_t id, uint8_t opt)
  51:../../tmk_core/common/unimap.c **** {
 188               		.loc 1 51 1 is_stmt 1 view -0
 189               		.cfi_startproc
 190               	/* prologue: function */
 191               	/* frame size = 0 */
 192               	/* stack size = 0 */
 193               	.L__stack_usage = 0
  52:../../tmk_core/common/unimap.c ****     return MACRO_NONE;
 194               		.loc 1 52 5 view .LVU38
  53:../../tmk_core/common/unimap.c **** }
 195               		.loc 1 53 1 is_stmt 0 view .LVU39
 196 0000 90E0      		ldi r25,0
 197 0002 80E0      		ldi r24,0
 198               	.LVL17:
 199               	/* epilogue start */
 200               		.loc 1 53 1 view .LVU40
 201 0004 0895      		ret
 202               		.cfi_endproc
 203               	.LFE6:
 205               		.section	.text.action_function,"ax",@progbits
 206               		.weak	action_function
 208               	action_function:
 209               	.LVL18:
 210               	.LFB7:
  54:../../tmk_core/common/unimap.c **** 
  55:../../tmk_core/common/unimap.c **** /* Function */
  56:../../tmk_core/common/unimap.c **** __attribute__ ((weak))
  57:../../tmk_core/common/unimap.c **** void action_function(keyrecord_t *record, uint8_t id, uint8_t opt)
  58:../../tmk_core/common/unimap.c **** {
 211               		.loc 1 58 1 is_stmt 1 view -0
 212               		.cfi_startproc
 213               	/* prologue: function */
 214               	/* frame size = 0 */
 215               	/* stack size = 0 */
 216               	.L__stack_usage = 0
  59:../../tmk_core/common/unimap.c **** }
 217               		.loc 1 59 1 view .LVU42
 218               	/* epilogue start */
 219 0000 0895      		ret
 220               		.cfi_endproc
 221               	.LFE7:
 223               		.text
 224               	.Letext0:
 225               		.file 2 "/usr/local/Cellar/avr-gcc/9.1.0/avr/include/stdint.h"
 226               		.file 3 "../../tmk_core/common/keyboard.h"
 227               		.file 4 "../../tmk_core/common/action_code.h"
 228               		.file 5 "../../tmk_core/common/action_macro.h"
 229               		.file 6 "../../tmk_core/common/action.h"
 230               		.file 7 "../../tmk_core/common/avr/xprintf.h"
 231               		.file 8 "../../tmk_core/common/unimap.h"
DEFINED SYMBOLS
                            *ABS*:0000000000000000 unimap.c
/var/folders/cl/jr07md_52y31f_27z07pkw7h0000gp/T//cc6TzTb6.s:2      *ABS*:000000000000003e __SP_H__
/var/folders/cl/jr07md_52y31f_27z07pkw7h0000gp/T//cc6TzTb6.s:3      *ABS*:000000000000003d __SP_L__
/var/folders/cl/jr07md_52y31f_27z07pkw7h0000gp/T//cc6TzTb6.s:4      *ABS*:000000000000003f __SREG__
/var/folders/cl/jr07md_52y31f_27z07pkw7h0000gp/T//cc6TzTb6.s:5      *ABS*:0000000000000000 __tmp_reg__
/var/folders/cl/jr07md_52y31f_27z07pkw7h0000gp/T//cc6TzTb6.s:6      *ABS*:0000000000000001 __zero_reg__
/var/folders/cl/jr07md_52y31f_27z07pkw7h0000gp/T//cc6TzTb6.s:13     .text.unimap_translate:0000000000000000 unimap_translate
/var/folders/cl/jr07md_52y31f_27z07pkw7h0000gp/T//cc6TzTb6.s:73     .text.action_for_key:0000000000000000 action_for_key
/var/folders/cl/jr07md_52y31f_27z07pkw7h0000gp/T//cc6TzTb6.s:185    .text.action_get_macro:0000000000000000 action_get_macro
/var/folders/cl/jr07md_52y31f_27z07pkw7h0000gp/T//cc6TzTb6.s:208    .text.action_function:0000000000000000 action_function

UNDEFINED SYMBOLS
unimap_trans
actionmaps
